INFO 2025-05-04 14:08:10,602 autoreload Watching for file changes with StatReloader
INFO 2025-05-04 14:09:06,432 basehttp "GET / HTTP/1.1" 200 21998
INFO 2025-05-04 14:09:06,463 basehttp "GET /static/css/costCalculator.css HTTP/1.1" 304 0
INFO 2025-05-04 14:09:06,463 basehttp "GET /static/css/styles.css HTTP/1.1" 304 0
INFO 2025-05-04 14:09:06,465 basehttp "GET /static/css/welcomemsg.css HTTP/1.1" 304 0
INFO 2025-05-04 14:09:06,465 basehttp "GET /static/css/mobilefriendly.css HTTP/1.1" 304 0
INFO 2025-05-04 14:09:06,480 basehttp "GET /static/css/bootstrap.min.css HTTP/1.1" 304 0
INFO 2025-05-04 14:09:06,483 basehttp "GET /static/js/welcomemsg.js HTTP/1.1" 304 0
INFO 2025-05-04 14:09:06,568 basehttp "GET /static/fonts/roboto/roboto.css HTTP/1.1" 200 576
INFO 2025-05-04 14:09:06,574 basehttp "GET /static/css/discountModal.css HTTP/1.1" 200 1379
INFO 2025-05-04 14:09:06,578 basehttp "GET /static/css/carousel.css HTTP/1.1" 200 4505
INFO 2025-05-04 14:09:06,580 basehttp "GET /static/imgs/Headlight.png HTTP/1.1" 304 0
INFO 2025-05-04 14:09:06,580 basehttp "GET /static/imgs/home-tran-bmw.png HTTP/1.1" 304 0
INFO 2025-05-04 14:09:06,580 basehttp "GET /static/imgs/home-tran-porsche.png HTTP/1.1" 304 0
INFO 2025-05-04 14:09:06,580 basehttp "GET /static/imgs/home-tran-ford.png HTTP/1.1" 304 0
INFO 2025-05-04 14:09:06,580 basehttp "GET /static/imgs/home-tran-gmc.png HTTP/1.1" 304 0
INFO 2025-05-04 14:09:06,580 basehttp "GET /static/imgs/CenterImage.jpg HTTP/1.1" 304 0
INFO 2025-05-04 14:09:06,606 basehttp "GET /static/fonts/roboto/Roboto-VariableFont_wdth,wght.ttf HTTP/1.1" 304 0
WARNING 2025-05-04 14:09:06,785 log Not Found: /favicon.ico
INFO 2025-05-04 14:09:06,786 basehttp - Broken pipe from ('127.0.0.1', 65373)
INFO 2025-05-04 14:09:08,287 basehttp "GET / HTTP/1.1" 200 21998
WARNING 2025-05-04 14:09:08,325 log Not Found: /favicon.ico
INFO 2025-05-04 14:09:08,326 basehttp - Broken pipe from ('127.0.0.1', 65374)
INFO 2025-05-04 14:09:08,620 basehttp "GET /about_us/ HTTP/1.1" 200 12233
INFO 2025-05-04 14:09:08,934 basehttp "GET /gallery/ HTTP/1.1" 200 16214
INFO 2025-05-04 14:09:08,996 basehttp "GET /static/imgs/galleryLeftBefore.jpg HTTP/1.1" 200 1757991
INFO 2025-05-04 14:09:09,003 basehttp "GET /static/imgs/galleryRightAfter.jpg HTTP/1.1" 200 2284768
INFO 2025-05-04 14:09:09,011 basehttp "GET /static/imgs/galleryLeftAfter.jpg HTTP/1.1" 200 2166369
INFO 2025-05-04 14:09:09,015 basehttp "GET /static/js/imgSliders.js HTTP/1.1" 200 1678
INFO 2025-05-04 14:09:09,019 basehttp "GET /static/js/imgTransition.js HTTP/1.1" 200 1575
INFO 2025-05-04 14:09:09,030 basehttp "GET /static/imgs/galleryMiddleBefore.jpg HTTP/1.1" 200 2862507
INFO 2025-05-04 14:09:09,045 basehttp "GET /static/imgs/galleryMiddleAfter.jpg HTTP/1.1" 200 3552183
INFO 2025-05-04 14:09:09,051 basehttp "GET /static/imgs/galleryRightBefore.jpg HTTP/1.1" 200 3506624
INFO 2025-05-04 14:09:09,221 basehttp - Broken pipe from ('127.0.0.1', 65377)
INFO 2025-05-04 14:09:09,221 basehttp - Broken pipe from ('127.0.0.1', 65390)
INFO 2025-05-04 14:09:09,221 basehttp - Broken pipe from ('127.0.0.1', 65376)
INFO 2025-05-04 14:09:09,320 basehttp "GET /schedule_appointment/ HTTP/1.1" 200 19161
INFO 2025-05-04 14:09:09,364 basehttp "GET /static/js/costCalculator.js HTTP/1.1" 304 0
INFO 2025-05-04 14:09:09,375 basehttp "GET /static/js/discountModal.js HTTP/1.1" 200 386
INFO 2025-05-04 14:09:09,498 basehttp "GET /captcha/image/66e3548fc4154765fd4ba964a488bab4f31cd964/ HTTP/1.1" 200 3960
INFO 2025-05-04 14:09:09,576 basehttp "GET /contact_us/ HTTP/1.1" 200 12041
INFO 2025-05-04 14:09:09,602 basehttp "GET /captcha/image/9cc9e8968b44a3c4e051f22602046c7c678bcc87/ HTTP/1.1" 200 4351
INFO 2025-05-04 14:09:10,277 basehttp "GET /about_us/ HTTP/1.1" 200 12233
INFO 2025-05-04 14:09:10,573 basehttp "GET /gallery/ HTTP/1.1" 200 16214
INFO 2025-05-04 14:09:10,813 basehttp "GET /static/videos/transformation1.mp4 HTTP/1.1" 200 30866586
INFO 2025-05-04 14:09:12,544 basehttp - Broken pipe from ('127.0.0.1', 65378)
INFO 2025-05-04 14:09:12,545 basehttp - Broken pipe from ('127.0.0.1', 65375)
INFO 2025-05-04 14:09:12,554 basehttp "GET /schedule_appointment/ HTTP/1.1" 200 19161
INFO 2025-05-04 14:09:12,579 basehttp "GET /captcha/image/488990d43ffcca083362cb6b6527ed98a8beb5fb/ HTTP/1.1" 200 3798
INFO 2025-05-04 14:09:22,574 basehttp "POST /schedule_appointment/ HTTP/1.1" 200 19161
INFO 2025-05-04 14:09:22,594 basehttp "GET /captcha/image/a7da342abd645511c55ea7bb874ead9aa886d212/ HTTP/1.1" 200 4379
WARNING 2025-05-04 14:09:22,611 log Not Found: /favicon.ico
INFO 2025-05-04 14:09:22,611 basehttp - Broken pipe from ('127.0.0.1', 65391)
INFO 2025-05-04 14:09:48,347 basehttp "GET / HTTP/1.1" 200 21823
INFO 2025-05-04 14:09:48,381 basehttp - Broken pipe from ('127.0.0.1', 65428)
INFO 2025-05-04 14:09:48,381 basehttp - Broken pipe from ('127.0.0.1', 65429)
INFO 2025-05-04 14:09:49,354 basehttp "GET /about_us/ HTTP/1.1" 200 12233
WARNING 2025-05-04 14:09:49,388 log Not Found: /favicon.ico
INFO 2025-05-04 14:09:49,388 basehttp - Broken pipe from ('127.0.0.1', 65434)
INFO 2025-05-04 14:09:51,341 basehttp "GET / HTTP/1.1" 200 21856
INFO 2025-05-04 14:09:52,393 basehttp "GET /schedule_appointment/ HTTP/1.1" 200 19161
INFO 2025-05-04 14:09:52,416 basehttp "GET /captcha/image/c5e277f72479c97e1d5dd4eae62c9a7d41c4faa2/ HTTP/1.1" 200 3648
INFO 2025-05-04 14:09:53,341 basehttp "GET / HTTP/1.1" 200 21856
INFO 2025-05-04 14:09:56,090 basehttp "GET /gallery/ HTTP/1.1" 200 16214
INFO 2025-05-04 14:09:56,383 basehttp "GET /static/videos/transformation1.mp4 HTTP/1.1" 200 30866586
INFO 2025-05-04 14:13:30,045 basehttp - Broken pipe from ('127.0.0.1', 65460)
INFO 2025-05-04 14:13:30,045 basehttp - Broken pipe from ('127.0.0.1', 65459)
INFO 2025-05-04 14:13:30,057 basehttp "GET /gallery/ HTTP/1.1" 200 16214
INFO 2025-05-04 14:13:30,078 basehttp - Broken pipe from ('127.0.0.1', 49302)
INFO 2025-05-04 14:13:31,282 basehttp - Broken pipe from ('127.0.0.1', 49303)
INFO 2025-05-04 14:13:31,282 basehttp - Broken pipe from ('127.0.0.1', 49304)
INFO 2025-05-04 14:13:31,292 basehttp "GET / HTTP/1.1" 200 21998
INFO 2025-05-04 14:13:31,322 basehttp - Broken pipe from ('127.0.0.1', 49306)
INFO 2025-05-04 14:30:17,712 basehttp "GET /about_us/ HTTP/1.1" 200 12233
WARNING 2025-05-04 14:30:17,840 log Not Found: /favicon.ico
INFO 2025-05-04 14:30:17,840 basehttp - Broken pipe from ('127.0.0.1', 50789)
INFO 2025-05-04 14:30:19,568 basehttp "GET /gallery/ HTTP/1.1" 200 16214
INFO 2025-05-04 14:30:27,986 basehttp "GET /static/videos/transformation2.mp4 HTTP/1.1" 200 55871891
INFO 2025-05-04 14:30:43,562 basehttp - Broken pipe from ('127.0.0.1', 50791)
INFO 2025-05-04 14:30:43,572 basehttp "GET /contact_us/ HTTP/1.1" 200 12041
INFO 2025-05-04 14:30:43,597 basehttp "GET /captcha/image/aa0fbcaf26270b1ee5d9483a9a3511639966497d/ HTTP/1.1" 200 3884
WARNING 2025-05-04 14:30:43,702 log Not Found: /favicon.ico
INFO 2025-05-04 14:30:43,703 basehttp - Broken pipe from ('127.0.0.1', 50790)
INFO 2025-05-04 14:30:47,652 basehttp "POST /contact_us/ HTTP/1.1" 200 11664
INFO 2025-05-04 14:30:54,658 basehttp "GET /schedule_appointment/ HTTP/1.1" 200 19161
INFO 2025-05-04 14:30:54,697 basehttp "GET /captcha/image/af80d0bbf5fe630f60b4957f2c0485810e24c24c/ HTTP/1.1" 200 4683
INFO 2025-05-04 14:30:54,961 basehttp "GET /gallery/ HTTP/1.1" 200 16214
INFO 2025-05-04 14:30:55,348 basehttp - Broken pipe from ('127.0.0.1', 50814)
INFO 2025-05-04 14:30:55,354 basehttp "GET /about_us/ HTTP/1.1" 200 12233
INFO 2025-05-04 14:30:56,501 basehttp "GET / HTTP/1.1" 200 21823
INFO 2025-05-04 14:30:56,532 basehttp - Broken pipe from ('127.0.0.1', 50838)
INFO 2025-05-04 14:30:58,783 basehttp "GET / HTTP/1.1" 200 21856
WARNING 2025-05-04 14:30:58,811 log Not Found: /favicon.ico
INFO 2025-05-04 14:30:58,811 basehttp - Broken pipe from ('127.0.0.1', 50844)
INFO 2025-05-04 14:31:00,154 basehttp "GET / HTTP/1.1" 200 21838
INFO 2025-05-04 14:31:00,453 basehttp "GET / HTTP/1.1" 200 21998
INFO 2025-05-04 15:55:01,064 autoreload Watching for file changes with StatReloader
INFO 2025-05-04 15:55:04,624 basehttp "GET / HTTP/1.1" 200 21999
INFO 2025-05-04 15:55:04,887 basehttp - Broken pipe from ('127.0.0.1', 56361)
INFO 2025-05-04 15:55:04,896 basehttp - Broken pipe from ('127.0.0.1', 56359)
INFO 2025-05-04 15:55:04,906 basehttp - Broken pipe from ('127.0.0.1', 56358)
INFO 2025-05-04 15:55:04,911 basehttp - Broken pipe from ('127.0.0.1', 56362)
INFO 2025-05-04 15:55:04,918 basehttp - Broken pipe from ('127.0.0.1', 56360)
INFO 2025-05-04 15:55:04,919 basehttp - Broken pipe from ('127.0.0.1', 56356)
INFO 2025-05-04 15:55:07,131 basehttp "GET / HTTP/1.1" 200 21857
WARNING 2025-05-04 15:55:07,177 log Not Found: /favicon.ico
INFO 2025-05-04 15:55:07,177 basehttp - Broken pipe from ('127.0.0.1', 56370)
INFO 2025-05-04 15:55:07,849 basehttp "GET /about_us/ HTTP/1.1" 200 12233
INFO 2025-05-04 15:55:08,562 basehttp "GET /gallery/ HTTP/1.1" 200 16214
INFO 2025-05-04 15:55:08,949 basehttp "GET /static/videos/transformation3.mp4 HTTP/1.1" 200 44942850
INFO 2025-05-04 15:55:09,718 basehttp - Broken pipe from ('127.0.0.1', 56371)
INFO 2025-05-04 15:55:09,764 basehttp "GET /schedule_appointment/ HTTP/1.1" 200 19161
INFO 2025-05-04 15:55:09,802 basehttp "GET /captcha/image/dd72b7a83c6e95ffe7056dbfe87e93e07d78a46d/ HTTP/1.1" 200 4643
INFO 2025-05-04 15:55:11,230 basehttp "GET /schedule_appointment/ HTTP/1.1" 200 19161
INFO 2025-05-04 15:55:11,257 basehttp "GET /captcha/image/acc1c98721142908d2752a4a37545cf950817c81/ HTTP/1.1" 200 4187
INFO 2025-05-04 15:55:12,936 basehttp "GET /contact_us/ HTTP/1.1" 200 12041
INFO 2025-05-04 15:55:12,962 basehttp "GET /captcha/image/3944e508f4be334bb62f77a9bfa6ba4dfb273311/ HTTP/1.1" 200 3696
INFO 2025-05-04 15:55:14,632 basehttp "GET / HTTP/1.1" 200 21999
INFO 2025-05-04 15:55:20,185 basehttp "GET /schedule_appointment/ HTTP/1.1" 200 19161
INFO 2025-05-04 15:55:20,214 basehttp "GET /captcha/image/6186fb379b41e265d09b2c54c01e34b401ce35ee/ HTTP/1.1" 200 4064
INFO 2025-05-04 15:55:21,635 basehttp "GET /gallery/ HTTP/1.1" 200 16214
WARNING 2025-05-04 15:55:21,682 log Not Found: /favicon.ico
INFO 2025-05-04 15:55:21,682 basehttp - Broken pipe from ('127.0.0.1', 56372)
INFO 2025-05-04 16:02:12,531 autoreload C:\Users\Rodrigo Guzman\Desktop\Classes\CSCI 190\AKAutoDetail\autoDetailProject\autoDetailProject\settings.py changed, reloading.
INFO 2025-05-04 16:04:11,293 autoreload Watching for file changes with StatReloader
INFO 2025-05-04 18:13:55,574 autoreload Watching for file changes with StatReloader
INFO 2025-05-04 18:13:57,502 basehttp "GET /gallery/ HTTP/1.1" 200 15742
INFO 2025-05-04 18:13:57,558 basehttp "GET /static/css/styles.css HTTP/1.1" 200 17945
INFO 2025-05-04 18:13:57,795 basehttp "GET /static/videos/transformation1.mp4 HTTP/1.1" 200 30866586
WARNING 2025-05-04 18:13:58,220 log Not Found: /favicon.ico
WARNING 2025-05-04 18:13:58,220 basehttp "GET /favicon.ico HTTP/1.1" 404 3773
INFO 2025-05-04 18:14:05,813 basehttp - Broken pipe from ('127.0.0.1', 65151)
INFO 2025-05-04 18:14:05,814 basehttp - Broken pipe from ('127.0.0.1', 65150)
INFO 2025-05-04 18:14:05,820 basehttp "GET / HTTP/1.1" 200 21839
WARNING 2025-05-04 18:14:06,258 log Not Found: /favicon.ico
WARNING 2025-05-04 18:14:06,258 basehttp "GET /favicon.ico HTTP/1.1" 404 3773
INFO 2025-05-04 18:14:08,263 basehttp "GET / HTTP/1.1" 200 21999
INFO 2025-05-04 18:14:08,274 basehttp "GET /static/css/styles.css HTTP/1.1" 200 17945
WARNING 2025-05-04 18:14:08,685 log Not Found: /favicon.ico
WARNING 2025-05-04 18:14:08,685 basehttp "GET /favicon.ico HTTP/1.1" 404 3773
INFO 2025-05-04 18:14:10,489 basehttp "GET /gallery/ HTTP/1.1" 200 15742
INFO 2025-05-04 18:14:10,521 basehttp "GET /static/css/welcomemsg.css HTTP/1.1" 200 1360
INFO 2025-05-04 18:14:10,521 basehttp "GET /static/fonts/roboto/roboto.css HTTP/1.1" 200 576
INFO 2025-05-04 18:14:10,521 basehttp "GET /static/css/carousel.css HTTP/1.1" 200 4505
INFO 2025-05-04 18:14:10,521 basehttp "GET /static/css/discountModal.css HTTP/1.1" 200 1379
INFO 2025-05-04 18:14:10,526 basehttp "GET /static/css/mobilefriendly.css HTTP/1.1" 200 3877
INFO 2025-05-04 18:14:10,528 basehttp "GET /static/css/costCalculator.css HTTP/1.1" 200 1608
INFO 2025-05-04 18:14:10,528 basehttp "GET /static/css/styles.css HTTP/1.1" 200 17945
INFO 2025-05-04 18:14:10,538 basehttp "GET /static/js/imgTransition.js HTTP/1.1" 200 1575
INFO 2025-05-04 18:14:10,539 basehttp "GET /static/js/imgSliders.js HTTP/1.1" 200 1678
INFO 2025-05-04 18:14:10,550 basehttp "GET /static/imgs/logo.jpg HTTP/1.1" 200 6945
INFO 2025-05-04 18:14:10,560 basehttp "GET /static/css/bootstrap.min.css HTTP/1.1" 200 140942
INFO 2025-05-04 18:14:10,749 basehttp "GET /static/imgs/galleryLeftBefore.jpg HTTP/1.1" 200 1757991
INFO 2025-05-04 18:14:10,761 basehttp "GET /static/imgs/galleryLeftAfter.jpg HTTP/1.1" 200 2166369
INFO 2025-05-04 18:14:11,052 basehttp "GET /static/imgs/galleryMiddleAfter.jpg HTTP/1.1" 200 3552183
INFO 2025-05-04 18:14:11,189 basehttp "GET /static/imgs/galleryMiddleBefore.jpg HTTP/1.1" 200 2862507
INFO 2025-05-04 18:14:11,258 basehttp "GET /static/imgs/galleryRightAfter.jpg HTTP/1.1" 200 2284768
INFO 2025-05-04 18:14:11,563 basehttp "GET /static/imgs/galleryRightBefore.jpg HTTP/1.1" 200 3506624
INFO 2025-05-04 18:14:11,782 basehttp "GET /static/imgs/home-tran-ford.png HTTP/1.1" 200 861901
INFO 2025-05-04 18:14:11,996 basehttp "GET /static/imgs/home-tran-bmw.png HTTP/1.1" 200 2077428
INFO 2025-05-04 18:14:12,128 basehttp "GET /static/imgs/home-tran-gmc.png HTTP/1.1" 200 2777990
INFO 2025-05-04 18:14:13,049 basehttp "GET /static/imgs/home-tran-porsche.png HTTP/1.1" 200 2516750
INFO 2025-05-04 18:14:14,543 basehttp "GET /static/videos/transformation1.mp4 HTTP/1.1" 200 30866586
INFO 2025-05-04 18:14:16,321 basehttp "GET /static/videos/transformation2.mp4 HTTP/1.1" 200 55871891
INFO 2025-05-04 18:14:17,114 basehttp "GET /static/videos/transformation3.mp4 HTTP/1.1" 200 44942850
INFO 2025-05-04 18:14:37,632 basehttp - Broken pipe from ('10.0.0.172', 64581)
INFO 2025-05-04 18:14:37,632 basehttp - Broken pipe from ('10.0.0.172', 64583)
INFO 2025-05-04 18:14:37,632 basehttp - Broken pipe from ('10.0.0.172', 64586)
INFO 2025-05-04 18:14:37,632 basehttp - Broken pipe from ('10.0.0.172', 64585)
INFO 2025-05-04 18:14:37,632 basehttp - Broken pipe from ('10.0.0.172', 64582)
INFO 2025-05-04 18:14:37,633 basehttp - Broken pipe from ('10.0.0.172', 64584)
INFO 2025-05-04 18:18:12,895 basehttp "GET /gallery/ HTTP/1.1" 200 15742
INFO 2025-05-04 18:18:12,917 basehttp "GET /static/css/styles.css HTTP/1.1" 200 17945
INFO 2025-05-04 18:18:12,943 basehttp "GET /static/imgs/galleryLeftBefore.jpg HTTP/1.1" 200 1757991
INFO 2025-05-04 18:18:12,947 basehttp "GET /static/imgs/galleryLeftAfter.jpg HTTP/1.1" 200 2166369
INFO 2025-05-04 18:18:12,964 basehttp "GET /static/imgs/galleryRightAfter.jpg HTTP/1.1" 200 2284768
INFO 2025-05-04 18:18:12,972 basehttp "GET /static/imgs/galleryMiddleBefore.jpg HTTP/1.1" 200 2862507
INFO 2025-05-04 18:18:12,983 basehttp "GET /static/imgs/galleryMiddleAfter.jpg HTTP/1.1" 200 3552183
INFO 2025-05-04 18:18:12,985 basehttp "GET /static/imgs/galleryRightBefore.jpg HTTP/1.1" 200 3506624
INFO 2025-05-04 18:18:13,214 basehttp "GET /static/videos/transformation1.mp4 HTTP/1.1" 200 30866586
WARNING 2025-05-04 18:18:13,421 log Not Found: /favicon.ico
WARNING 2025-05-04 18:18:13,421 basehttp "GET /favicon.ico HTTP/1.1" 404 3773
INFO 2025-05-04 18:18:17,664 basehttp - Broken pipe from ('127.0.0.1', 65434)
INFO 2025-05-04 18:18:17,665 basehttp - Broken pipe from ('127.0.0.1', 65432)
INFO 2025-05-04 18:18:17,669 basehttp "GET /about_us/ HTTP/1.1" 200 12233
WARNING 2025-05-04 18:18:17,882 log Not Found: /favicon.ico
WARNING 2025-05-04 18:18:17,882 basehttp "GET /favicon.ico HTTP/1.1" 404 3773
INFO 2025-05-04 18:18:32,220 basehttp "GET /gallery/ HTTP/1.1" 200 15742
INFO 2025-05-04 18:18:32,250 basehttp "GET /static/fonts/roboto/roboto.css HTTP/1.1" 200 576
INFO 2025-05-04 18:18:32,276 basehttp "GET /static/css/mobilefriendly.css HTTP/1.1" 200 3877
INFO 2025-05-04 18:18:32,276 basehttp "GET /static/css/discountModal.css HTTP/1.1" 200 1379
INFO 2025-05-04 18:18:32,278 basehttp "GET /static/css/carousel.css HTTP/1.1" 200 4505
INFO 2025-05-04 18:18:32,278 basehttp "GET /static/css/costCalculator.css HTTP/1.1" 200 1608
INFO 2025-05-04 18:18:32,278 basehttp "GET /static/css/welcomemsg.css HTTP/1.1" 200 1360
INFO 2025-05-04 18:18:32,278 basehttp "GET /static/css/styles.css HTTP/1.1" 200 17945
INFO 2025-05-04 18:18:32,285 basehttp "GET /static/js/imgSliders.js HTTP/1.1" 200 1678
INFO 2025-05-04 18:18:32,300 basehttp "GET /static/js/imgTransition.js HTTP/1.1" 200 1575
INFO 2025-05-04 18:18:32,309 basehttp "GET /static/imgs/logo.jpg HTTP/1.1" 200 6945
INFO 2025-05-04 18:18:32,328 basehttp "GET /static/css/bootstrap.min.css HTTP/1.1" 200 140942
INFO 2025-05-04 18:18:32,473 basehttp "GET /static/imgs/galleryLeftBefore.jpg HTTP/1.1" 200 1757991
INFO 2025-05-04 18:18:32,527 basehttp "GET /static/imgs/galleryLeftAfter.jpg HTTP/1.1" 200 2166369
INFO 2025-05-04 18:18:32,756 basehttp "GET /static/imgs/galleryMiddleBefore.jpg HTTP/1.1" 200 2862507
INFO 2025-05-04 18:18:32,873 basehttp "GET /static/imgs/galleryMiddleAfter.jpg HTTP/1.1" 200 3552183
INFO 2025-05-04 18:18:33,066 basehttp "GET /static/imgs/galleryRightAfter.jpg HTTP/1.1" 200 2284768
INFO 2025-05-04 18:18:33,086 basehttp "GET /static/imgs/galleryRightBefore.jpg HTTP/1.1" 200 3506624
INFO 2025-05-04 18:18:38,846 basehttp "GET /static/imgs/home-tran-ford.png HTTP/1.1" 200 861901
INFO 2025-05-04 18:18:38,940 basehttp "GET /static/imgs/home-tran-bmw.png HTTP/1.1" 200 2077428
INFO 2025-05-04 18:18:39,008 basehttp "GET /static/imgs/home-tran-gmc.png HTTP/1.1" 200 2777990
INFO 2025-05-04 18:18:39,724 basehttp "GET /static/imgs/home-tran-porsche.png HTTP/1.1" 200 2516750
INFO 2025-05-04 18:18:42,549 basehttp "GET /static/videos/transformation3.mp4 HTTP/1.1" 200 44942850
INFO 2025-05-04 18:18:45,507 basehttp "GET /static/videos/transformation2.mp4 HTTP/1.1" 200 55871891
INFO 2025-05-04 18:18:45,930 basehttp "GET /static/videos/transformation1.mp4 HTTP/1.1" 200 30866586
INFO 2025-05-04 18:18:56,077 basehttp "GET /static/fonts/roboto/Roboto-VariableFont_wdth,wght.ttf HTTP/1.1" 200 468308
INFO 2025-05-04 18:18:56,914 basehttp "GET /about_us/ HTTP/1.1" 200 12233
INFO 2025-05-04 18:19:01,415 basehttp "GET /schedule_appointment/ HTTP/1.1" 200 19161
INFO 2025-05-04 18:19:01,461 basehttp "GET /static/js/costCalculator.js HTTP/1.1" 200 3134
INFO 2025-05-04 18:19:01,476 basehttp "GET /captcha/image/7887d1b343b0586c6cf035942eb064b1877659fd/ HTTP/1.1" 200 4294
INFO 2025-05-04 18:19:01,519 basehttp "GET /static/js/discountModal.js HTTP/1.1" 200 386
INFO 2025-05-04 18:19:08,218 basehttp "GET /contact_us/ HTTP/1.1" 200 12041
INFO 2025-05-04 18:19:08,266 basehttp "GET /captcha/image/50f9a55241b522a5db4126e9d1930a696c28a189/ HTTP/1.1" 200 3699
INFO 2025-05-04 18:19:14,455 basehttp "POST /contact_us/ HTTP/1.1" 200 11664
INFO 2025-05-04 18:19:14,483 basehttp "GET /static/css/styles.css HTTP/1.1" 304 0
INFO 2025-05-04 18:21:43,749 autoreload Watching for file changes with StatReloader
INFO 2025-05-04 18:21:46,698 basehttp "GET /contact_us/ HTTP/1.1" 200 12197
INFO 2025-05-04 18:21:46,790 basehttp "GET /static/fonts/roboto/roboto.css HTTP/1.1" 200 576
INFO 2025-05-04 18:21:46,805 basehttp "GET /static/css/mobilefriendly.css HTTP/1.1" 200 3877
INFO 2025-05-04 18:21:46,839 basehttp "GET /static/css/bootstrap.min.css HTTP/1.1" 200 140942
INFO 2025-05-04 18:21:46,890 basehttp "GET /static/css/discountModal.css HTTP/1.1" 200 1379
INFO 2025-05-04 18:21:46,898 basehttp "GET /static/css/costCalculator.css HTTP/1.1" 200 1608
INFO 2025-05-04 18:21:46,904 basehttp "GET /static/css/welcomemsg.css HTTP/1.1" 200 1360
INFO 2025-05-04 18:21:46,917 basehttp "GET /static/css/carousel.css HTTP/1.1" 200 4505
INFO 2025-05-04 18:21:46,918 basehttp "GET /static/css/styles.css HTTP/1.1" 200 17945
INFO 2025-05-04 18:21:46,933 basehttp "GET /static/imgs/logo.jpg HTTP/1.1" 200 6945
INFO 2025-05-04 18:21:46,952 basehttp "GET /captcha/image/4f12efe8ee00d83ba0ddc9860b6504f9731fc5ae/ HTTP/1.1" 200 4477
INFO 2025-05-04 18:21:51,242 basehttp "POST /contact_us/ HTTP/1.1" 200 11856
INFO 2025-05-04 18:22:02,586 basehttp "GET /about_us/ HTTP/1.1" 200 12233
INFO 2025-05-04 18:22:02,604 basehttp "GET /static/css/styles.css HTTP/1.1" 200 17945
INFO 2025-05-04 18:22:02,605 basehttp "GET /static/css/mobilefriendly.css HTTP/1.1" 200 3877
WARNING 2025-05-04 18:22:02,704 log Not Found: /favicon.ico
WARNING 2025-05-04 18:22:02,704 basehttp "GET /favicon.ico HTTP/1.1" 404 3773
INFO 2025-05-04 18:22:06,394 basehttp "GET /contact_us/ HTTP/1.1" 200 12197
INFO 2025-05-04 18:22:06,412 basehttp "GET /captcha/image/74006074d7310409dcc8083490d53742f01d5d96/ HTTP/1.1" 200 4044
INFO 2025-05-04 18:22:11,106 basehttp "POST /contact_us/ HTTP/1.1" 200 11856
INFO 2025-05-04 18:22:21,134 basehttp "GET /schedule_appointment/ HTTP/1.1" 200 19161
INFO 2025-05-04 18:22:21,152 basehttp "GET /captcha/image/22150b062a4b82abee3b3d68083c289659a218c7/ HTTP/1.1" 200 4220
WARNING 2025-05-04 18:22:21,161 log Not Found: /favicon.ico
WARNING 2025-05-04 18:22:21,161 basehttp "GET /favicon.ico HTTP/1.1" 404 3773
INFO 2025-05-04 18:22:26,769 basehttp "GET /static/fonts/roboto/Roboto-VariableFont_wdth,wght.ttf HTTP/1.1" 200 468308
INFO 2025-05-04 18:22:28,253 basehttp "GET /schedule_appointment/ HTTP/1.1" 200 19161
INFO 2025-05-04 18:22:28,293 basehttp "GET /captcha/image/3f1865dc417bcae653ad59da06f44aabbff38b30/ HTTP/1.1" 200 3698
INFO 2025-05-04 18:22:28,303 basehttp "GET /static/js/discountModal.js HTTP/1.1" 200 386
INFO 2025-05-04 18:22:28,303 basehttp "GET /static/js/costCalculator.js HTTP/1.1" 200 3134
INFO 2025-05-04 18:22:35,746 basehttp "POST /schedule_appointment/ HTTP/1.1" 200 19069
INFO 2025-05-04 18:24:08,524 basehttp "GET /contact_us/ HTTP/1.1" 200 12197
INFO 2025-05-04 18:24:08,542 basehttp "GET /static/css/styles.css HTTP/1.1" 200 17945
INFO 2025-05-04 18:24:08,547 basehttp "GET /captcha/image/ab46247d5364c211e0dc4b762ac48c9f6112e7af/ HTTP/1.1" 200 4063
WARNING 2025-05-04 18:24:08,558 log Not Found: /favicon.ico
WARNING 2025-05-04 18:24:08,559 basehttp "GET /favicon.ico HTTP/1.1" 404 3773
INFO 2025-05-04 18:24:09,009 basehttp "GET /schedule_appointment/ HTTP/1.1" 200 19161
INFO 2025-05-04 18:24:09,035 basehttp "GET /captcha/image/e9759ff9d2d0e5b7f7d167d51955229e0eedd3e1/ HTTP/1.1" 200 4049
INFO 2025-05-04 18:24:09,573 basehttp "GET /gallery/ HTTP/1.1" 200 15742
INFO 2025-05-04 18:24:09,616 basehttp "GET /static/imgs/galleryLeftBefore.jpg HTTP/1.1" 200 1757991
INFO 2025-05-04 18:24:09,620 basehttp "GET /static/imgs/galleryLeftAfter.jpg HTTP/1.1" 200 2166369
INFO 2025-05-04 18:24:09,635 basehttp "GET /static/imgs/galleryMiddleBefore.jpg HTTP/1.1" 200 2862507
INFO 2025-05-04 18:24:09,640 basehttp "GET /static/imgs/galleryMiddleAfter.jpg HTTP/1.1" 200 3552183
INFO 2025-05-04 18:24:09,656 basehttp "GET /static/imgs/galleryRightAfter.jpg HTTP/1.1" 200 2284768
INFO 2025-05-04 18:24:09,668 basehttp "GET /static/imgs/galleryRightBefore.jpg HTTP/1.1" 200 3506624
INFO 2025-05-04 18:24:09,922 basehttp "GET /static/videos/transformation1.mp4 HTTP/1.1" 200 30866586
INFO 2025-05-04 18:24:10,009 basehttp - Broken pipe from ('127.0.0.1', 49459)
INFO 2025-05-04 18:24:10,011 basehttp - Broken pipe from ('127.0.0.1', 49460)
INFO 2025-05-04 18:24:10,014 basehttp "GET /about_us/ HTTP/1.1" 200 12233
INFO 2025-05-04 18:24:11,012 basehttp "GET / HTTP/1.1" 200 21999
INFO 2025-05-04 18:24:11,033 basehttp "GET /static/imgs/CarSeat.png HTTP/1.1" 200 1840
INFO 2025-05-04 18:24:11,033 basehttp "GET /static/imgs/CarWash.png HTTP/1.1" 200 2516
INFO 2025-05-04 18:24:11,033 basehttp "GET /static/imgs/Engine.png HTTP/1.1" 200 1002
INFO 2025-05-04 18:24:11,034 basehttp "GET /static/imgs/Headlight.png HTTP/1.1" 200 6272
INFO 2025-05-04 18:24:11,037 basehttp "GET /static/imgs/banner.png HTTP/1.1" 200 1047325
INFO 2025-05-04 18:24:11,062 basehttp "GET /static/imgs/CenterImage.jpg HTTP/1.1" 200 4193612
WARNING 2025-05-04 18:24:11,134 log Not Found: /favicon.ico
WARNING 2025-05-04 18:24:11,134 basehttp "GET /favicon.ico HTTP/1.1" 404 3773
INFO 2025-05-04 18:24:11,945 basehttp "GET /schedule_appointment/ HTTP/1.1" 200 19161
INFO 2025-05-04 18:24:11,964 basehttp "GET /captcha/image/2b36664c4ea104ffc0dcb66f840653c2bd7e82f7/ HTTP/1.1" 200 4453
INFO 2025-05-04 18:25:07,406 basehttp "GET /static/css/styles.css HTTP/1.1" 200 17945
INFO 2025-05-04 18:25:07,408 basehttp "GET /static/css/bootstrap.min.css HTTP/1.1" 200 140942
INFO 2025-05-04 18:25:07,523 basehttp "GET /static/css/costCalculator.css HTTP/1.1" 200 1608
INFO 2025-05-04 18:25:07,528 basehttp "GET /schedule_appointment/ HTTP/1.1" 200 19161
WARNING 2025-05-04 18:25:07,751 basehttp "GET /static/css/bootstrap.min.css.map HTTP/1.1" 404 1935
INFO 2025-05-04 18:32:14,596 basehttp "GET /schedule_appointment/ HTTP/1.1" 200 19161
INFO 2025-05-04 18:32:14,626 basehttp "GET /static/fonts/roboto/roboto.css HTTP/1.1" 200 576
INFO 2025-05-04 18:32:14,626 basehttp "GET /static/css/welcomemsg.css HTTP/1.1" 200 1360
INFO 2025-05-04 18:32:14,634 basehttp "GET /static/css/costCalculator.css HTTP/1.1" 200 1608
INFO 2025-05-04 18:32:14,636 basehttp "GET /static/css/carousel.css HTTP/1.1" 200 4505
INFO 2025-05-04 18:32:14,636 basehttp "GET /static/css/discountModal.css HTTP/1.1" 200 1379
INFO 2025-05-04 18:32:14,636 basehttp "GET /static/css/styles.css HTTP/1.1" 200 17945
INFO 2025-05-04 18:32:14,646 basehttp "GET /static/css/mobilefriendly.css HTTP/1.1" 200 3877
INFO 2025-05-04 18:32:14,648 basehttp "GET /static/js/discountModal.js HTTP/1.1" 200 386
INFO 2025-05-04 18:32:14,648 basehttp "GET /static/js/costCalculator.js HTTP/1.1" 200 3134
INFO 2025-05-04 18:32:14,679 basehttp "GET /static/imgs/logo.jpg HTTP/1.1" 200 6945
INFO 2025-05-04 18:32:14,692 basehttp "GET /captcha/image/03039c9e7fb682b2908774dc365924b324642487/ HTTP/1.1" 200 3913
INFO 2025-05-04 18:32:14,697 basehttp "GET /static/css/bootstrap.min.css HTTP/1.1" 200 140942
INFO 2025-07-01 22:32:52,880 autoreload Watching for file changes with StatReloader
INFO 2025-07-01 22:32:56,767 basehttp "GET / HTTP/1.1" 200 22792
INFO 2025-07-01 22:32:56,822 basehttp "GET /static/css/welcomemsg.css HTTP/1.1" 304 0
INFO 2025-07-01 22:32:56,824 basehttp "GET /static/css/carousel.css HTTP/1.1" 304 0
INFO 2025-07-01 22:32:56,828 basehttp "GET /static/fonts/roboto/roboto.css HTTP/1.1" 304 0
INFO 2025-07-01 22:32:56,828 basehttp "GET /static/css/costCalculator.css HTTP/1.1" 304 0
INFO 2025-07-01 22:32:56,828 basehttp "GET /static/css/discountModal.css HTTP/1.1" 304 0
INFO 2025-07-01 22:32:56,831 basehttp "GET /static/css/mobilefriendly.css HTTP/1.1" 304 0
INFO 2025-07-01 22:32:56,832 basehttp "GET /static/imgs/CarSeat.png HTTP/1.1" 304 0
INFO 2025-07-01 22:32:56,836 basehttp "GET /static/imgs/CarWash.png HTTP/1.1" 304 0
INFO 2025-07-01 22:32:56,837 basehttp "GET /static/imgs/logo.jpg HTTP/1.1" 304 0
INFO 2025-07-01 22:32:56,838 basehttp "GET /static/css/styles.css HTTP/1.1" 200 17291
INFO 2025-07-01 22:32:56,839 basehttp "GET /static/js/welcomemsg.js HTTP/1.1" 304 0
INFO 2025-07-01 22:32:56,840 basehttp "GET /static/imgs/Headlight.png HTTP/1.1" 304 0
INFO 2025-07-01 22:32:56,841 basehttp "GET /static/imgs/Engine.png HTTP/1.1" 304 0
INFO 2025-07-01 22:32:56,847 basehttp "GET /static/css/bootstrap.min.css HTTP/1.1" 200 140936
INFO 2025-07-01 22:32:56,877 basehttp "GET /static/imgs/home-tran-ford.png HTTP/1.1" 200 861901
INFO 2025-07-01 22:32:56,885 basehttp "GET /static/imgs/banner.png HTTP/1.1" 200 1047325
INFO 2025-07-01 22:32:56,903 basehttp "GET /static/imgs/home-tran-bmw.png HTTP/1.1" 200 2077428
INFO 2025-07-01 22:32:56,909 basehttp "GET /static/imgs/home-tran-gmc.png HTTP/1.1" 200 2777990
INFO 2025-07-01 22:32:56,912 basehttp "GET /static/imgs/home-tran-porsche.png HTTP/1.1" 200 2516750
INFO 2025-07-01 22:32:56,914 basehttp "GET /static/imgs/CenterImage.jpg HTTP/1.1" 200 4193612
INFO 2025-07-01 22:32:57,006 basehttp "GET /static/fonts/roboto/Roboto-VariableFont_wdth,wght.ttf HTTP/1.1" 200 468308
INFO 2025-07-01 22:32:58,237 basehttp "GET /schedule_appointment/ HTTP/1.1" 200 13680
WARNING 2025-07-01 22:33:00,485 log Not Found: /favicon.ico
WARNING 2025-07-01 22:33:00,485 basehttp "GET /favicon.ico HTTP/1.1" 404 3734
INFO 2025-07-01 22:34:03,445 autoreload Watching for file changes with StatReloader
INFO 2025-07-01 22:34:07,951 basehttp "GET / HTTP/1.1" 200 22792
INFO 2025-07-01 22:34:09,212 basehttp "GET /schedule_appointment/ HTTP/1.1" 200 10979
INFO 2025-07-01 22:34:57,664 autoreload Watching for file changes with StatReloader
INFO 2025-07-01 22:35:04,027 basehttp "GET / HTTP/1.1" 200 22792
INFO 2025-07-01 22:35:05,344 basehttp "GET /schedule_appointment/ HTTP/1.1" 200 11041
INFO 2025-07-01 22:35:10,288 basehttp "GET /gallery/ HTTP/1.1" 200 15742
INFO 2025-07-01 22:35:10,332 basehttp "GET /static/js/imgTransition.js HTTP/1.1" 304 0
INFO 2025-07-01 22:35:10,334 basehttp "GET /static/js/imgSliders.js HTTP/1.1" 304 0
INFO 2025-07-01 22:35:10,395 basehttp "GET /static/imgs/galleryLeftBefore.jpg HTTP/1.1" 200 1757991
INFO 2025-07-01 22:35:10,400 basehttp "GET /static/imgs/galleryLeftAfter.jpg HTTP/1.1" 200 2166369
INFO 2025-07-01 22:35:10,425 basehttp "GET /static/imgs/galleryRightAfter.jpg HTTP/1.1" 200 2284768
INFO 2025-07-01 22:35:10,443 basehttp "GET /static/imgs/galleryMiddleBefore.jpg HTTP/1.1" 200 2862507
INFO 2025-07-01 22:35:10,595 basehttp "GET /static/imgs/galleryMiddleAfter.jpg HTTP/1.1" 200 3552183
INFO 2025-07-01 22:35:10,601 basehttp "GET /static/imgs/galleryRightBefore.jpg HTTP/1.1" 200 3506624
INFO 2025-07-01 22:35:26,451 basehttp - Broken pipe from ('127.0.0.1', 53503)
INFO 2025-07-01 22:35:26,452 basehttp - Broken pipe from ('127.0.0.1', 53504)
INFO 2025-07-01 22:35:26,452 basehttp - Broken pipe from ('127.0.0.1', 53509)
INFO 2025-07-01 22:36:50,352 autoreload Watching for file changes with StatReloader
INFO 2025-07-01 22:36:54,774 basehttp "GET / HTTP/1.1" 200 22792
INFO 2025-07-01 22:36:56,105 basehttp "GET /gallery/ HTTP/1.1" 200 15745
INFO 2025-07-01 22:36:59,950 basehttp "GET /contact_us/ HTTP/1.1" 200 12197
INFO 2025-07-01 22:37:00,275 basehttp "GET /captcha/image/babf4a69947daf9e376b60f2eb1eb1ed1a87b37f/ HTTP/1.1" 200 3641
INFO 2025-07-01 22:37:04,907 basehttp "POST /contact_us/ HTTP/1.1" 200 11856
INFO 2025-07-01 22:39:31,082 autoreload Watching for file changes with StatReloader
INFO 2025-07-01 22:39:41,329 basehttp "GET / HTTP/1.1" 200 22792
INFO 2025-07-01 22:39:42,687 basehttp "GET /contact_us/ HTTP/1.1" 200 12085
INFO 2025-07-01 22:39:42,733 basehttp "GET /captcha/image/cdc1ebe9052a790182e6bb7ace774bfe536b7daa/ HTTP/1.1" 200 3923
INFO 2025-07-01 22:40:29,730 autoreload Watching for file changes with StatReloader
INFO 2025-07-01 22:40:34,096 basehttp "GET / HTTP/1.1" 200 22792
INFO 2025-07-01 22:40:35,683 basehttp "GET /contact_us/ HTTP/1.1" 200 11982
INFO 2025-07-01 22:40:35,738 basehttp "GET /captcha/image/d800e57ddf32419987a6f810ec65581e19491a46/ HTTP/1.1" 200 3770
INFO 2025-07-01 22:41:10,384 autoreload Watching for file changes with StatReloader
INFO 2025-07-01 22:41:26,554 basehttp "GET / HTTP/1.1" 200 22792
ERROR 2025-07-01 22:41:27,860 log Internal Server Error: /contact_us/
Traceback (most recent call last):
  File "/Users/katerinacowan/autoDetailProject-1/venv/lib/python3.13/site-packages/django/template/base.py", line 505, in parse
    compile_func = self.tags[command]
                   ~~~~~~~~~^^^^^^^^^
KeyError: 'else'

During handling of the above exception, another exception occurred:

Traceback (most recent call last):
  File "/Users/katerinacowan/autoDetailProject-1/venv/lib/python3.13/site-packages/django/core/handlers/exception.py", line 55, in inner
    response = get_response(request)
  File "/Users/katerinacowan/autoDetailProject-1/venv/lib/python3.13/site-packages/django/core/handlers/base.py", line 197, in _get_response
    response = wrapped_callback(request, *callback_args, **callback_kwargs)
  File "/Users/katerinacowan/autoDetailProject-1/apps/home/views.py", line 33, in ContactUsView
    return render(request, "contact_us.html", {'form': captchaForm, 'captchaenabled': CAPTCHAENABLED})
  File "/Users/katerinacowan/autoDetailProject-1/venv/lib/python3.13/site-packages/django/shortcuts.py", line 24, in render
    content = loader.render_to_string(template_name, context, request, using=using)
  File "/Users/katerinacowan/autoDetailProject-1/venv/lib/python3.13/site-packages/django/template/loader.py", line 61, in render_to_string
    template = get_template(template_name, using=using)
  File "/Users/katerinacowan/autoDetailProject-1/venv/lib/python3.13/site-packages/django/template/loader.py", line 15, in get_template
    return engine.get_template(template_name)
           ~~~~~~~~~~~~~~~~~~~^^^^^^^^^^^^^^^
  File "/Users/katerinacowan/autoDetailProject-1/venv/lib/python3.13/site-packages/django/template/backends/django.py", line 33, in get_template
    return Template(self.engine.get_template(template_name), self)
                    ~~~~~~~~~~~~~~~~~~~~~~~~^^^^^^^^^^^^^^^
  File "/Users/katerinacowan/autoDetailProject-1/venv/lib/python3.13/site-packages/django/template/engine.py", line 175, in get_template
    template, origin = self.find_template(template_name)
                       ~~~~~~~~~~~~~~~~~~^^^^^^^^^^^^^^^
  File "/Users/katerinacowan/autoDetailProject-1/venv/lib/python3.13/site-packages/django/template/engine.py", line 157, in find_template
    template = loader.get_template(name, skip=skip)
  File "/Users/katerinacowan/autoDetailProject-1/venv/lib/python3.13/site-packages/django/template/loaders/cached.py", line 57, in get_template
    template = super().get_template(template_name, skip)
  File "/Users/katerinacowan/autoDetailProject-1/venv/lib/python3.13/site-packages/django/template/loaders/base.py", line 28, in get_template
    return Template(
        contents,
    ...<2 lines>...
        self.engine,
    )
  File "/Users/katerinacowan/autoDetailProject-1/venv/lib/python3.13/site-packages/django/template/base.py", line 154, in __init__
    self.nodelist = self.compile_nodelist()
                    ~~~~~~~~~~~~~~~~~~~~~^^
  File "/Users/katerinacowan/autoDetailProject-1/venv/lib/python3.13/site-packages/django/template/base.py", line 200, in compile_nodelist
    return parser.parse()
           ~~~~~~~~~~~~^^
  File "/Users/katerinacowan/autoDetailProject-1/venv/lib/python3.13/site-packages/django/template/base.py", line 513, in parse
    raise self.error(token, e)
  File "/Users/katerinacowan/autoDetailProject-1/venv/lib/python3.13/site-packages/django/template/base.py", line 511, in parse
    compiled_result = compile_func(self, token)
  File "/Users/katerinacowan/autoDetailProject-1/venv/lib/python3.13/site-packages/django/template/loader_tags.py", line 293, in do_extends
    nodelist = parser.parse()
  File "/Users/katerinacowan/autoDetailProject-1/venv/lib/python3.13/site-packages/django/template/base.py", line 513, in parse
    raise self.error(token, e)
  File "/Users/katerinacowan/autoDetailProject-1/venv/lib/python3.13/site-packages/django/template/base.py", line 511, in parse
    compiled_result = compile_func(self, token)
  File "/Users/katerinacowan/autoDetailProject-1/venv/lib/python3.13/site-packages/django/template/loader_tags.py", line 232, in do_block
    nodelist = parser.parse(("endblock",))
  File "/Users/katerinacowan/autoDetailProject-1/venv/lib/python3.13/site-packages/django/template/base.py", line 507, in parse
    self.invalid_block_tag(token, command, parse_until)
    ~~~~~~~~~~~~~~~~~~~~~~^^^^^^^^^^^^^^^^^^^^^^^^^^^^^
  File "/Users/katerinacowan/autoDetailProject-1/venv/lib/python3.13/site-packages/django/template/base.py", line 558, in invalid_block_tag
    raise self.error(
    ...<8 lines>...
    )
django.template.exceptions.TemplateSyntaxError: Invalid block tag on line 42: 'else', expected 'endblock'. Did you forget to register or load this tag?
ERROR 2025-07-01 22:41:27,863 basehttp "GET /contact_us/ HTTP/1.1" 500 167848
INFO 2025-07-01 22:42:05,206 autoreload Watching for file changes with StatReloader
INFO 2025-07-01 22:42:09,808 basehttp "GET / HTTP/1.1" 200 22792
INFO 2025-07-01 22:42:11,657 basehttp "GET /contact_us/ HTTP/1.1" 200 11475
INFO 2025-07-01 22:42:41,689 autoreload Watching for file changes with StatReloader
INFO 2025-07-01 22:42:49,483 basehttp "GET / HTTP/1.1" 200 22792
INFO 2025-07-01 22:42:51,358 basehttp "GET /contact_us/ HTTP/1.1" 200 10950
INFO 2025-07-01 22:43:28,488 autoreload Watching for file changes with StatReloader
INFO 2025-07-01 22:43:32,375 basehttp "GET / HTTP/1.1" 200 22792
INFO 2025-07-01 22:43:33,491 basehttp "GET /contact_us/ HTTP/1.1" 200 11100
INFO 2025-07-01 22:43:37,154 basehttp "GET /schedule_appointment/ HTTP/1.1" 200 11041
INFO 2025-07-01 22:43:37,909 basehttp "GET /gallery/ HTTP/1.1" 200 15745
INFO 2025-07-01 22:43:41,078 basehttp "GET /about_us/ HTTP/1.1" 200 12233
INFO 2025-07-01 22:43:41,936 basehttp "GET / HTTP/1.1" 200 22792
